#
# There is insufficient memory for the Java Runtime Environment to continue.
# Native memory allocation (malloc) failed to allocate 131088 bytes for Chunk::new
# Possible reasons:
#   The system is out of physical RAM or swap space
#   In 32 bit mode, the process size limit was hit
# Possible solutions:
#   Reduce memory load on the system
#   Increase physical memory or swap space
#   Check if swap backing store is full
#   Use 64 bit Java on a 64 bit OS
#   Decrease Java heap size (-Xmx/-Xms)
#   Decrease number of Java threads
#   Decrease Java thread stack sizes (-Xss)
#   Set larger code cache with -XX:ReservedCodeCacheSize=
# This output file may be truncated or incomplete.
#
#  Out of Memory Error (allocation.cpp:390), pid=2436, tid=0x00000000000000f0
#
# JRE version: OpenJDK Runtime Environment (8.0_152-b01) (build 1.8.0_152-release-1343-b01)
# Java VM: OpenJDK 64-Bit Server VM (25.152-b01 mixed mode windows-amd64 compressed oops)
# Failed to write core dump. Minidumps are not enabled by default on client versions of Windows
#

---------------  T H R E A D  ---------------

Current thread (0x0000000018d65000):  JavaThread "C2 CompilerThread2" daemon [_thread_in_native, id=240, stack(0x00000000195d0000,0x00000000196d0000)]

Stack: [0x00000000195d0000,0x00000000196d0000]
[error occurred during error reporting (printing stack bounds), id 0xc0000005]

Native frames: (J=compiled Java code, j=interpreted, Vv=VM code, C=native code)


Current CompileTask:
C2:   8056 4016       4       sun.reflect.generics.parser.SignatureParser::parsePackageNameAndSimpleClassTypeSignature (139 bytes)


---------------  P R O C E S S  ---------------

Java Threads: ( => current thread )
  0x000000001d059000 JavaThread "Memory manager" [_thread_blocked, id=3704, stack(0x0000000021a30000,0x0000000021b30000)]
  0x000000001d05d800 JavaThread "build operations Thread 8" [_thread_blocked, id=3960, stack(0x0000000021930000,0x0000000021a30000)]
  0x000000001d05c800 JavaThread "build operations Thread 7" [_thread_blocked, id=4944, stack(0x0000000021830000,0x0000000021930000)]
  0x000000001d05f000 JavaThread "build operations Thread 6" [_thread_blocked, id=7424, stack(0x0000000021730000,0x0000000021830000)]
  0x000000001d05e000 JavaThread "build operations Thread 5" [_thread_blocked, id=7432, stack(0x00000000213a0000,0x00000000214a0000)]
  0x000000001d05c000 JavaThread "build operations Thread 4" [_thread_blocked, id=10432, stack(0x0000000020e90000,0x0000000020f90000)]
  0x000000001d05b000 JavaThread "build operations Thread 3" [_thread_blocked, id=7936, stack(0x0000000020d90000,0x0000000020e90000)]
  0x000000001d05a800 JavaThread "build operations Thread 2" [_thread_blocked, id=1876, stack(0x0000000020c90000,0x0000000020d90000)]
  0x000000001d129000 JavaThread "build operations" [_thread_blocked, id=4368, stack(0x0000000020b90000,0x0000000020c90000)]
  0x000000001d127800 JavaThread "Cache worker for Artifact transforms cache (C:\Users\ehgus\.gradle\caches\transforms-1)" [_thread_blocked, id=4872, stack(0x000000001d450000,0x000000001d550000)]
  0x000000001ad00800 JavaThread "Cache worker for file hash cache (D:\android,arduino\AndroidStudio\201444001dbinsert\.gradle\4.4\fileHashes)" [_thread_blocked, id=9848, stack(0x000000001d350000,0x000000001d450000)]
  0x000000001ae6f000 JavaThread "File lock request listener" [_thread_in_native, id=9520, stack(0x000000001c280000,0x000000001c380000)]
  0x000000001aa54000 JavaThread "Cache worker for file hash cache (C:\Users\ehgus\.gradle\caches\4.4\fileHashes)" [_thread_blocked, id=7040, stack(0x000000001c180000,0x000000001c280000)]
  0x000000001acc1800 JavaThread "Stdin handler" [_thread_blocked, id=6304, stack(0x000000001bd80000,0x000000001be80000)]
  0x000000001acc1000 JavaThread "Asynchronous log dispatcher for DefaultDaemonConnection: socket connection from /127.0.0.1:4869 to /127.0.0.1:4870" [_thread_blocked, id=8700, stack(0x000000001bc80000,0x000000001bd80000)]
  0x000000001acbe800 JavaThread "Daemon worker" [_thread_blocked, id=10224, stack(0x000000001bb80000,0x000000001bc80000)]
  0x000000001accc800 JavaThread "Cancel handler" [_thread_blocked, id=2092, stack(0x000000001ba80000,0x000000001bb80000)]
  0x0000000019066000 JavaThread "Handler for socket connection from /127.0.0.1:4869 to /127.0.0.1:4870" [_thread_in_native, id=7880, stack(0x000000001b780000,0x000000001b880000)]
  0x000000001abb9800 JavaThread "Daemon" [_thread_blocked, id=1488, stack(0x000000001b680000,0x000000001b780000)]
  0x000000001aba8000 JavaThread "Daemon periodic checks" [_thread_blocked, id=11036, stack(0x000000001b580000,0x000000001b680000)]
  0x000000001ab86000 JavaThread "Incoming local TCP Connector on port 4869" [_thread_in_native, id=2412, stack(0x000000001b3a0000,0x000000001b4a0000)]
  0x0000000018de8800 JavaThread "Service Thread" daemon [_thread_blocked, id=4084, stack(0x00000000197d0000,0x00000000198d0000)]
  0x0000000018d6d000 JavaThread "C1 CompilerThread3" daemon [_thread_blocked, id=4492, stack(0x00000000196d0000,0x00000000197d0000)]
=>0x0000000018d65000 JavaThread "C2 CompilerThread2" daemon [_thread_in_native, id=240, stack(0x00000000195d0000,0x00000000196d0000)]
  0x0000000016e1c800 JavaThread "C2 CompilerThread1" daemon [_thread_blocked, id=4840, stack(0x00000000194d0000,0x00000000195d0000)]
  0x0000000018d0d000 JavaThread "C2 CompilerThread0" daemon [_thread_blocked, id=7896, stack(0x00000000193d0000,0x00000000194d0000)]
  0x0000000018d0c000 JavaThread "Attach Listener" daemon [_thread_blocked, id=1592, stack(0x00000000192d0000,0x00000000193d0000)]
  0x0000000018d60000 JavaThread "Signal Dispatcher" daemon [_thread_blocked, id=5380, stack(0x00000000191d0000,0x00000000192d0000)]
  0x000000000304d800 JavaThread "Finalizer" daemon [_thread_blocked, id=3948, stack(0x00000000190d0000,0x00000000191d0000)]
  0x0000000003046800 JavaThread "Reference Handler" daemon [_thread_blocked, id=9572, stack(0x0000000018bd0000,0x0000000018cd0000)]
  0x0000000002b5e000 JavaThread "main" [_thread_blocked, id=7084, stack(0x0000000002a10000,0x0000000002b10000)]

Other Threads:
  0x0000000016e08800 VMThread [stack: 0x0000000018ad0000,0x0000000018bd0000] [id=10292]
  0x0000000018de9000 WatcherThread [stack: 0x00000000198d0000,0x00000000199d0000] [id=7616]

VM state:at safepoint (normal execution)

VM Mutex/Monitor currently owned by a thread:  ([mutex/lock_event])
[0x0000000002b5cd90] Threads_lock - owner thread: 0x0000000016e08800
[0x0000000002b5d110] Heap_lock - owner thread: 0x000000001acbe800

Heap:
 PSYoungGen      total 141312K, used 125004K [0x00000000e0000000, 0x00000000ea700000, 0x0000000100000000)
  eden space 131584K, 94% used [0x00000000e0000000,0x00000000e7a13048,0x00000000e8080000)
  from space 9728K, 0% used [0x00000000e8080000,0x00000000e8080000,0x00000000e8a00000)
  to   space 12800K, 64% used [0x00000000e9a80000,0x00000000ea29f2e0,0x00000000ea700000)
 ParOldGen       total 103936K, used 19372K [0x00000000a0000000, 0x00000000a6580000, 0x00000000e0000000)
  object space 103936K, 18% used [0x00000000a0000000,0x00000000a12eb0e8,0x00000000a6580000)
 Metaspace       used 42608K, capacity 43480K, committed 43736K, reserved 1087488K
  class space    used 5881K, capacity 6143K, committed 6144K, reserved 1048576K

Card table byte_map: [0x0000000012410000,0x0000000012720000] byte_map_base: 0x0000000011f10000

Marking Bits: (ParMarkBitMap*) 0x0000000069795aa0
 Begin Bits: [0x0000000013120000, 0x0000000014920000)
 End Bits:   [0x0000000014920000, 0x0000000016120000)

Polling page: 0x00000000009f0000

CodeCache: size=245760Kb used=12998Kb max_used=12998Kb free=232761Kb
 bounds [0x0000000003050000, 0x0000000003d10000, 0x0000000012050000]
 total_blobs=4431 nmethods=3712 adapters=632
 compilation: enabled

Compilation events (10 events):
Event: 8.049 Thread 0x0000000018d6d000 4048       3       com.sun.xml.bind.v2.model.annotation.RuntimeInlineAnnotationReader::hasClassAnnotation (10 bytes)
Event: 8.050 Thread 0x0000000018d6d000 nmethod 4048 0x0000000003d0be10 code [0x0000000003d0bfe0, 0x0000000003d0c868]
Event: 8.050 Thread 0x0000000018d6d000 4049       3       com.sun.xml.bind.v2.model.annotation.RuntimeInlineAnnotationReader::hasClassAnnotation (6 bytes)
Event: 8.050 Thread 0x0000000018d6d000 nmethod 4049 0x0000000003d0cd90 code [0x0000000003d0cf60, 0x0000000003d0d608]
Event: 8.050 Thread 0x0000000018d6d000 4050       3       com.sun.xml.bind.v2.model.nav.ReflectionNavigator::asDecl (9 bytes)
Event: 8.051 Thread 0x0000000018d6d000 nmethod 4050 0x0000000003d0da10 code [0x0000000003d0dba0, 0x0000000003d0e168]
Event: 8.051 Thread 0x0000000018d6d000 4051       3       com.sun.xml.bind.v2.model.nav.ReflectionNavigator::asDecl (6 bytes)
Event: 8.051 Thread 0x0000000018d6d000 nmethod 4051 0x0000000003d0e2d0 code [0x0000000003d0e440, 0x0000000003d0e828]
Event: 8.051 Thread 0x0000000018d6d000 4052       3       com.sun.xml.bind.v2.model.impl.FieldPropertySeed::hasAnnotation (18 bytes)
Event: 8.051 Thread 0x0000000018d6d000 nmethod 4052 0x0000000003d0e910 code [0x0000000003d0ea80, 0x0000000003d0ed88]

GC Heap History (10 events):
Event: 3.438 GC heap before
{Heap before GC invocations=5 (full 0):
 PSYoungGen      total 71680K, used 19300K [0x00000000e0000000, 0x00000000e4b00000, 0x0000000100000000)
  eden space 66560K, 21% used [0x00000000e0000000,0x00000000e0ddabb0,0x00000000e4100000)
  from space 5120K, 99% used [0x00000000e4600000,0x00000000e4afe640,0x00000000e4b00000)
  to   space 5120K, 0% used [0x00000000e4100000,0x00000000e4100000,0x00000000e4600000)
 ParOldGen       total 87552K, used 6553K [0x00000000a0000000, 0x00000000a5580000, 0x00000000e0000000)
  object space 87552K, 7% used [0x00000000a0000000,0x00000000a0666740,0x00000000a5580000)
 Metaspace       used 20801K, capacity 21218K, committed 21248K, reserved 1067008K
  class space    used 2899K, capacity 3043K, committed 3072K, reserved 1048576K
Event: 3.449 GC heap after
Heap after GC invocations=5 (full 0):
 PSYoungGen      total 71680K, used 5107K [0x00000000e0000000, 0x00000000e9600000, 0x0000000100000000)
  eden space 66560K, 0% used [0x00000000e0000000,0x00000000e0000000,0x00000000e4100000)
  from space 5120K, 99% used [0x00000000e4100000,0x00000000e45fce88,0x00000000e4600000)
  to   space 10240K, 0% used [0x00000000e8c00000,0x00000000e8c00000,0x00000000e9600000)
 ParOldGen       total 87552K, used 9048K [0x00000000a0000000, 0x00000000a5580000, 0x00000000e0000000)
  object space 87552K, 10% used [0x00000000a0000000,0x00000000a08d6258,0x00000000a5580000)
 Metaspace       used 20801K, capacity 21218K, committed 21248K, reserved 1067008K
  class space    used 2899K, capacity 3043K, committed 3072K, reserved 1048576K
}
Event: 3.450 GC heap before
{Heap before GC invocations=6 (full 1):
 PSYoungGen      total 71680K, used 5107K [0x00000000e0000000, 0x00000000e9600000, 0x0000000100000000)
  eden space 66560K, 0% used [0x00000000e0000000,0x00000000e0000000,0x00000000e4100000)
  from space 5120K, 99% used [0x00000000e4100000,0x00000000e45fce88,0x00000000e4600000)
  to   space 10240K, 0% used [0x00000000e8c00000,0x00000000e8c00000,0x00000000e9600000)
 ParOldGen       total 87552K, used 9048K [0x00000000a0000000, 0x00000000a5580000, 0x00000000e0000000)
  object space 87552K, 10% used [0x00000000a0000000,0x00000000a08d6258,0x00000000a5580000)
 Metaspace       used 20801K, capacity 21218K, committed 21248K, reserved 1067008K
  class space    used 2899K, capacity 3043K, committed 3072K, reserved 1048576K
Event: 3.506 GC heap after
Heap after GC invocations=6 (full 1):
 PSYoungGen      total 71680K, used 0K [0x00000000e0000000, 0x00000000e9600000, 0x0000000100000000)
  eden space 66560K, 0% used [0x00000000e0000000,0x00000000e0000000,0x00000000e4100000)
  from space 5120K, 0% used [0x00000000e4100000,0x00000000e4100000,0x00000000e4600000)
  to   space 10240K, 0% used [0x00000000e8c00000,0x00000000e8c00000,0x00000000e9600000)
 ParOldGen       total 61952K, used 8156K [0x00000000a0000000, 0x00000000a3c80000, 0x00000000e0000000)
  object space 61952K, 13% used [0x00000000a0000000,0x00000000a07f7030,0x00000000a3c80000)
 Metaspace       used 20801K, capacity 21218K, committed 21248K, reserved 1067008K
  class space    used 2899K, capacity 3043K, committed 3072K, reserved 1048576K
}
Event: 4.721 GC heap before
{Heap before GC invocations=7 (full 1):
 PSYoungGen      total 71680K, used 66560K [0x00000000e0000000, 0x00000000e9600000, 0x0000000100000000)
  eden space 66560K, 100% used [0x00000000e0000000,0x00000000e4100000,0x00000000e4100000)
  from space 5120K, 0% used [0x00000000e4100000,0x00000000e4100000,0x00000000e4600000)
  to   space 10240K, 0% used [0x00000000e8c00000,0x00000000e8c00000,0x00000000e9600000)
 ParOldGen       total 61952K, used 8156K [0x00000000a0000000, 0x00000000a3c80000, 0x00000000e0000000)
  object space 61952K, 13% used [0x00000000a0000000,0x00000000a07f7030,0x00000000a3c80000)
 Metaspace       used 26624K, capacity 27138K, committed 27392K, reserved 1073152K
  class space    used 3675K, capacity 3834K, committed 3840K, reserved 1048576K
Event: 4.732 GC heap after
Heap after GC invocations=7 (full 1):
 PSYoungGen      total 107008K, used 7399K [0x00000000e0000000, 0x00000000e9380000, 0x0000000100000000)
  eden space 99328K, 0% used [0x00000000e0000000,0x00000000e0000000,0x00000000e6100000)
  from space 7680K, 96% used [0x00000000e8c00000,0x00000000e9339d78,0x00000000e9380000)
  to   space 9728K, 0% used [0x00000000e8080000,0x00000000e8080000,0x00000000e8a00000)
 ParOldGen       total 61952K, used 8164K [0x00000000a0000000, 0x00000000a3c80000, 0x00000000e0000000)
  object space 61952K, 13% used [0x00000000a0000000,0x00000000a07f9030,0x00000000a3c80000)
 Metaspace       used 26624K, capacity 27138K, committed 27392K, reserved 1073152K
  class space    used 3675K, capacity 3834K, committed 3840K, reserved 1048576K
}
Event: 6.393 GC heap before
{Heap before GC invocations=8 (full 1):
 PSYoungGen      total 107008K, used 95859K [0x00000000e0000000, 0x00000000e9380000, 0x0000000100000000)
  eden space 99328K, 89% used [0x00000000e0000000,0x00000000e5662eb8,0x00000000e6100000)
  from space 7680K, 96% used [0x00000000e8c00000,0x00000000e9339d78,0x00000000e9380000)
  to   space 9728K, 0% used [0x00000000e8080000,0x00000000e8080000,0x00000000e8a00000)
 ParOldGen       total 61952K, used 8164K [0x00000000a0000000, 0x00000000a3c80000, 0x00000000e0000000)
  object space 61952K, 13% used [0x00000000a0000000,0x00000000a07f9030,0x00000000a3c80000)
 Metaspace       used 34649K, capacity 35200K, committed 35416K, reserved 1079296K
  class space    used 4787K, capacity 4972K, committed 4992K, reserved 1048576K
Event: 6.410 GC heap after
Heap after GC invocations=8 (full 1):
 PSYoungGen      total 141312K, used 9711K [0x00000000e0000000, 0x00000000ea700000, 0x0000000100000000)
  eden space 131584K, 0% used [0x00000000e0000000,0x00000000e0000000,0x00000000e8080000)
  from space 9728K, 99% used [0x00000000e8080000,0x00000000e89fbc50,0x00000000e8a00000)
  to   space 12800K, 0% used [0x00000000e9a80000,0x00000000e9a80000,0x00000000ea700000)
 ParOldGen       total 61952K, used 11418K [0x00000000a0000000, 0x00000000a3c80000, 0x00000000e0000000)
  object space 61952K, 18% used [0x00000000a0000000,0x00000000a0b26b48,0x00000000a3c80000)
 Metaspace       used 34649K, capacity 35200K, committed 35416K, reserved 1079296K
  class space    used 4787K, capacity 4972K, committed 4992K, reserved 1048576K
}
Event: 6.410 GC heap before
{Heap before GC invocations=9 (full 2):
 PSYoungGen      total 141312K, used 9711K [0x00000000e0000000, 0x00000000ea700000, 0x0000000100000000)
  eden space 131584K, 0% used [0x00000000e0000000,0x00000000e0000000,0x00000000e8080000)
  from space 9728K, 99% used [0x00000000e8080000,0x00000000e89fbc50,0x00000000e8a00000)
  to   space 12800K, 0% used [0x00000000e9a80000,0x00000000e9a80000,0x00000000ea700000)
 ParOldGen       total 61952K, used 11418K [0x00000000a0000000, 0x00000000a3c80000, 0x00000000e0000000)
  object space 61952K, 18% used [0x00000000a0000000,0x00000000a0b26b48,0x00000000a3c80000)
 Metaspace       used 34649K, capacity 35200K, committed 35416K, reserved 1079296K
  class space    used 4787K, capacity 4972K, committed 4992K, reserved 1048576K
Event: 6.493 GC heap after
Heap after GC invocations=9 (full 2):
 PSYoungGen      total 141312K, used 0K [0x00000000e0000000, 0x00000000ea700000, 0x0000000100000000)
  eden space 131584K, 0% used [0x00000000e0000000,0x00000000e0000000,0x00000000e8080000)
  from space 9728K, 0% used [0x00000000e8080000,0x00000000e8080000,0x00000000e8a00000)
  to   space 12800K, 0% used [0x00000000e9a80000,0x00000000e9a80000,0x00000000ea700000)
 ParOldGen       total 103936K, used 19364K [0x00000000a0000000, 0x00000000a6580000, 0x00000000e0000000)
  object space 103936K, 18% used [0x00000000a0000000,0x00000000a12e90e8,0x00000000a6580000)
 Metaspace       used 34649K, capacity 35200K, committed 35416K, reserved 1079296K
  class space    used 4787K, capacity 4972K, committed 4992K, reserved 1048576K
}

Deoptimization events (10 events):
Event: 6.834 Thread 0x000000001acbe800 Uncommon trap: reason=unstable_if action=reinterpret pc=0x0000000003ab0070 method=java.lang.reflect.Modifier.toString(I)Ljava/lang/String; @ 123
Event: 6.834 Thread 0x000000001acbe800 Uncommon trap: reason=unstable_if action=reinterpret pc=0x0000000003a9d62c method=java.lang.reflect.Modifier.toString(I)Ljava/lang/String; @ 123
Event: 6.975 Thread 0x000000001acbe800 Uncommon trap: reason=unstable_if action=reinterpret pc=0x000000000381a48c method=java.util.jar.Attributes$Name.isDigit(C)Z @ 3
Event: 7.011 Thread 0x000000001acbe800 Uncommon trap: reason=unstable_if action=reinterpret pc=0x00000000034c1f7c method=java.lang.CharacterDataLatin1.isWhitespace(I)Z @ 14
Event: 7.054 Thread 0x000000001acbe800 Uncommon trap: reason=unstable_if action=reinterpret pc=0x00000000033524d0 method=java.util.jar.JarFile.getInputStream(Ljava/util/zip/ZipEntry;)Ljava/io/InputStream; @ 37
Event: 7.056 Thread 0x000000001acbe800 Uncommon trap: reason=unstable_if action=reinterpret pc=0x00000000031acc70 method=java.security.CodeSource.<init>(Ljava/net/URL;[Ljava/security/CodeSigner;)V @ 25
Event: 7.057 Thread 0x000000001acbe800 Uncommon trap: reason=unstable_if action=reinterpret pc=0x00000000035908ec method=java.security.CodeSource.getCertificates()[Ljava/security/cert/Certificate; @ 22
Event: 7.058 Thread 0x000000001acbe800 Uncommon trap: reason=unstable_if action=reinterpret pc=0x0000000003a6c4e8 method=java.security.CodeSource.matchCerts(Ljava/security/CodeSource;Z)Z @ 11
Event: 7.090 Thread 0x000000001acbe800 Uncommon trap: reason=unstable_if action=reinterpret pc=0x0000000003a4513c method=java.util.LinkedHashMap.get(Ljava/lang/Object;)Ljava/lang/Object; @ 20
Event: 7.157 Thread 0x000000001acbe800 Uncommon trap: reason=unstable_if action=reinterpret pc=0x00000000033634fc method=java.security.CodeSource.matchCerts(Ljava/security/CodeSource;Z)Z @ 11

Classes redefined (0 events):
No events

Internal exceptions (10 events):
Event: 7.810 Thread 0x000000001acbe800 Exception <a 'sun/nio/fs/WindowsException'> (0x00000000e69f4b20) thrown at [D:\src\AOSP-openjdk-cygwin\jdk8u\hotspot\src\share\vm\prims\jni.cpp, line 709]
Event: 7.810 Thread 0x000000001acbe800 Exception <a 'sun/nio/fs/WindowsException'> (0x00000000e69f5700) thrown at [D:\src\AOSP-openjdk-cygwin\jdk8u\hotspot\src\share\vm\prims\jni.cpp, line 709]
Event: 7.810 Thread 0x000000001acbe800 Exception <a 'sun/nio/fs/WindowsException'> (0x00000000e69f7318) thrown at [D:\src\AOSP-openjdk-cygwin\jdk8u\hotspot\src\share\vm\prims\jni.cpp, line 709]
Event: 7.810 Thread 0x000000001acbe800 Exception <a 'sun/nio/fs/WindowsException'> (0x00000000e69f7f38) thrown at [D:\src\AOSP-openjdk-cygwin\jdk8u\hotspot\src\share\vm\prims\jni.cpp, line 709]
Event: 7.811 Thread 0x000000001acbe800 Exception <a 'sun/nio/fs/WindowsException'> (0x00000000e69facd8) thrown at [D:\src\AOSP-openjdk-cygwin\jdk8u\hotspot\src\share\vm\prims\jni.cpp, line 709]
Event: 7.811 Thread 0x000000001acbe800 Exception <a 'sun/nio/fs/WindowsException'> (0x00000000e69fb930) thrown at [D:\src\AOSP-openjdk-cygwin\jdk8u\hotspot\src\share\vm\prims\jni.cpp, line 709]
Event: 7.811 Thread 0x000000001acbe800 Exception <a 'sun/nio/fs/WindowsException'> (0x00000000e69fd5c0) thrown at [D:\src\AOSP-openjdk-cygwin\jdk8u\hotspot\src\share\vm\prims\jni.cpp, line 709]
Event: 7.811 Thread 0x000000001acbe800 Exception <a 'sun/nio/fs/WindowsException'> (0x00000000e69fe258) thrown at [D:\src\AOSP-openjdk-cygwin\jdk8u\hotspot\src\share\vm\prims\jni.cpp, line 709]
Event: 7.822 Thread 0x000000001acbe800 Exception <a 'java/lang/ClassNotFoundException': com/sun/org/glassfish/hk2/osgiresourcelocator/ServiceLoader> (0x00000000e6a5c3b0) thrown at [D:\src\AOSP-openjdk-cygwin\jdk8u\hotspot\src\share\vm\classfile\systemDictionary.cpp, line 210]
Event: 7.883 Thread 0x000000001acbe800 Exception <a 'java/lang/NullPointerException'> (0x00000000e6ec01c8) thrown at [D:\src\AOSP-openjdk-cygwin\jdk8u\hotspot\src\share\vm\interpreter\linkResolver.cpp, line 1301]

Events (10 events):
Event: 8.042 loading class com/android/sdklib/repository/meta/package-info done
Event: 8.047 loading class com/android/sdklib/repository/generated/repository/v1/PlatformDetailsType
Event: 8.047 loading class com/android/sdklib/repository/generated/repository/v1/PlatformDetailsType done
Event: 8.048 loading class com/android/sdklib/repository/generated/repository/v1/SourceDetailsType
Event: 8.048 loading class com/android/sdklib/repository/generated/repository/v1/SourceDetailsType done
Event: 8.050 loading class com/android/sdklib/repository/generated/sysimg/v1/SysImgDetailsType
Event: 8.050 loading class com/android/sdklib/repository/generated/sysimg/v1/SysImgDetailsType done
Event: 8.051 loading class com/sun/xml/bind/v2/util/FlattenIterator
Event: 8.051 loading class com/sun/xml/bind/v2/util/FlattenIterator done
Event: 8.052 Executing VM operation: CollectForMetadataAllocation


Dynamic libraries:
0x00007ff6d3020000 - 0x00007ff6d3051000 	C:\Program Files\Android\Android Studio\jre\bin\java.exe
0x00007ff813170000 - 0x00007ff81335d000 	C:\Windows\SYSTEM32\ntdll.dll
0x00007ff810570000 - 0x00007ff810623000 	C:\Windows\System32\KERNEL32.DLL
0x00007ff80f6a0000 - 0x00007ff80f933000 	C:\Windows\System32\KERNELBASE.dll
0x00007ff810a80000 - 0x00007ff810b23000 	C:\Windows\System32\ADVAPI32.dll
0x00007ff812eb0000 - 0x00007ff812f4e000 	C:\Windows\System32\msvcrt.dll
0x00007ff8103a0000 - 0x00007ff81043e000 	C:\Windows\System32\sechost.dll
0x00007ff812cc0000 - 0x00007ff812de2000 	C:\Windows\System32\RPCRT4.dll
0x00007ff812510000 - 0x00007ff8126a7000 	C:\Windows\System32\USER32.dll
0x00007ff80fb60000 - 0x00007ff80fb80000 	C:\Windows\System32\win32u.dll
0x00007ff8124e0000 - 0x00007ff812509000 	C:\Windows\System32\GDI32.dll
0x00007ff80f240000 - 0x00007ff80f3da000 	C:\Windows\System32\gdi32full.dll
0x00007ff80fac0000 - 0x00007ff80fb60000 	C:\Windows\System32\msvcp_win.dll
0x00007ff80f9c0000 - 0x00007ff80faba000 	C:\Windows\System32\ucrtbase.dll
0x00007ffffb940000 - 0x00007ffffbbb9000 	C:\Windows\WinSxS\amd64_microsoft.windows.common-controls_6595b64144ccf1df_6.0.17763.557_none_05b63f68071e5b9f\COMCTL32.dll
0x00007ff8106a0000 - 0x00007ff8109cc000 	C:\Windows\System32\combase.dll
0x00007ff80f940000 - 0x00007ff80f9be000 	C:\Windows\System32\bcryptPrimitives.dll
0x00007ff810d40000 - 0x00007ff810d6e000 	C:\Windows\System32\IMM32.DLL
0x0000000068c70000 - 0x0000000068d42000 	C:\Program Files\Android\Android Studio\jre\jre\bin\msvcr100.dll
0x0000000068fd0000 - 0x0000000069811000 	C:\Program Files\Android\Android Studio\jre\jre\bin\server\jvm.dll
0x00007ff812470000 - 0x00007ff812478000 	C:\Windows\System32\PSAPI.DLL
0x00007ffffb050000 - 0x00007ffffb059000 	C:\Windows\SYSTEM32\WSOCK32.dll
0x00007ff80ba50000 - 0x00007ff80ba74000 	C:\Windows\SYSTEM32\WINMM.dll
0x00007ff809fd0000 - 0x00007ff809fda000 	C:\Windows\SYSTEM32\VERSION.dll
0x00007ff810630000 - 0x00007ff81069d000 	C:\Windows\System32\WS2_32.dll
0x00007ff80ba20000 - 0x00007ff80ba4d000 	C:\Windows\SYSTEM32\winmmbase.dll
0x00007ff80f3e0000 - 0x00007ff80f42a000 	C:\Windows\System32\cfgmgr32.dll
0x00007ff80bb70000 - 0x00007ff80bb7f000 	C:\Program Files\Android\Android Studio\jre\jre\bin\verify.dll
0x00007ff80a550000 - 0x00007ff80a579000 	C:\Program Files\Android\Android Studio\jre\jre\bin\java.dll
0x00007ff80bb40000 - 0x00007ff80bb56000 	C:\Program Files\Android\Android Studio\jre\jre\bin\zip.dll
0x00007ff810f20000 - 0x00007ff812410000 	C:\Windows\System32\SHELL32.dll
0x00007ff810b30000 - 0x00007ff810bd8000 	C:\Windows\System32\shcore.dll
0x00007ff80fb80000 - 0x00007ff8102ca000 	C:\Windows\System32\windows.storage.dll
0x00007ff80f210000 - 0x00007ff80f234000 	C:\Windows\System32\profapi.dll
0x00007ff80f190000 - 0x00007ff80f1ed000 	C:\Windows\System32\powrprof.dll
0x00007ff812df0000 - 0x00007ff812e42000 	C:\Windows\System32\shlwapi.dll
0x00007ff80f1f0000 - 0x00007ff80f201000 	C:\Windows\System32\kernel.appcore.dll
0x00007ff810380000 - 0x00007ff810397000 	C:\Windows\System32\cryptsp.dll
0x00007ff80a530000 - 0x00007ff80a54a000 	C:\Program Files\Android\Android Studio\jre\jre\bin\net.dll
0x00007ff80e9f0000 - 0x00007ff80ea57000 	C:\Windows\system32\mswsock.dll
0x00007ff80a510000 - 0x00007ff80a521000 	C:\Program Files\Android\Android Studio\jre\jre\bin\nio.dll
0x00007ff80bb90000 - 0x00007ff80bbae000 	C:\Users\ehgus\.gradle\native\25\windows-amd64\native-platform.dll
0x00007ff80a500000 - 0x00007ff80a50d000 	C:\Program Files\Android\Android Studio\jre\jre\bin\management.dll
0x00007ff80e5b0000 - 0x00007ff80e5e3000 	C:\Windows\system32\rsaenh.dll
0x00007ff80f670000 - 0x00007ff80f696000 	C:\Windows\System32\bcrypt.dll
0x00007ff80f070000 - 0x00007ff80f098000 	C:\Windows\SYSTEM32\USERENV.dll
0x00007ff80ebc0000 - 0x00007ff80ebcc000 	C:\Windows\SYSTEM32\CRYPTBASE.dll
0x00007ff80e750000 - 0x00007ff80e78d000 	C:\Windows\SYSTEM32\IPHLPAPI.DLL
0x00007ff812cb0000 - 0x00007ff812cb8000 	C:\Windows\System32\NSI.dll
0x00007ff803300000 - 0x00007ff803316000 	C:\Windows\SYSTEM32\dhcpcsvc6.DLL
0x00007ff806050000 - 0x00007ff80606c000 	C:\Windows\SYSTEM32\dhcpcsvc.DLL
0x00007ff80e790000 - 0x00007ff80e856000 	C:\Windows\SYSTEM32\DNSAPI.dll

VM Arguments:
jvm_args: -Xmx1536m -Dfile.encoding=x-windows-949 -Duser.country=KR -Duser.language=ko -Duser.variant 
java_command: org.gradle.launcher.daemon.bootstrap.GradleDaemon 4.4
java_class_path (initial): C:\Users\ehgus\.gradle\wrapper\dists\gradle-4.4-all\9br9xq1tocpiv8o6njlyu5op1\gradle-4.4\lib\gradle-launcher-4.4.jar
Launcher Type: SUN_STANDARD

Environment Variables:
JAVA_HOME=C:\Program Files\Java\jdk-12.0.1
PATH=C:\Program Files (x86)\NAT Service;C:\Program Files (x86)\Common Files\Oracle\Java\javapath;C:\Windows\system32;C:\Windows;C:\Windows\System32\Wbem;C:\Windows\System32\WindowsPowerShell\v1.0\;C:\Windows\System32\OpenSSH\;C:\Program Files\Git\cmd;C:\Program Files\Java\jdk-12.0.1;C:\Program Files (x86)\NAT Service;C:\Program Files (x86)\Common Files\Oracle\Java\javapath;C:\Windows\system32;C:\Windows;C:\Windows\System32\Wbem;C:\Windows\System32\WindowsPowerShell\v1.0\;C:\Windows\System32\OpenSSH\;C:\Users\ehgus\AppData\Local\Microsoft\WindowsApps;C:\Program Files\Bandizip\;C:\Windows\Resource;C:\Windows\Resource;C:\Windows\Resource;C:\Windows\Resource
USERNAME=ehgus
OS=Windows_NT
PROCESSOR_IDENTIFIER=Intel64 Family 6 Model 142 Stepping 10, GenuineIntel



---------------  S Y S T E M  ---------------

OS: Windows 10.0 , 64 bit Build 17763 (10.0.17763.475)

CPU:total 8 (initial active 8) (4 cores per cpu, 2 threads per core) family 6 model 142 stepping 10, cmov, cx8, fxsr, mmx, sse, sse2, sse3, ssse3, sse4.1, sse4.2, popcnt, avx, avx2, aes, clmul, erms, 3dnowpref, lzcnt, ht, tsc, tscinvbit, bmi1, bmi2, adx

Memory: 4k page, physical 8291556k(1328684k free), swap 8291556k(3076k free)

vm_info: OpenJDK 64-Bit Server VM (25.152-b01) for windows-amd64 JRE (1.8.0_152-release-1343-b01), built by "builder" with MS VC++ 10.0 (VS2010)

time: Wed Jun 26 22:16:15 2019
elapsed time: 8 seconds (0d 0h 0m 8s)

